Sep 24, 2025 6:18:31 PM com.opinion.app.EventLoggerObserver onEvent
INFO: [2025-09-24T23:18:31.357075Z] UPDATE_USER Logger smoke 26208140829958
Sep 24, 2025 6:29:32 PM com.opinion.app.EventLoggerObserver onEvent
INFO: [2025-09-24T23:29:32.549831Z] UPDATE_USER Logger smoke 26869354734833
Sep 27, 2025 1:03:19 AM com.opinion.app.EventLoggerObserver onEvent
INFO: [2025-09-27T05:03:19.959644Z] UPDATE_USER User updated: admin@review.com
Sep 27, 2025 1:04:55 AM com.opinion.app.EventLoggerObserver onEvent
INFO: [2025-09-27T05:04:55.606082Z] UPDATE_USER User updated: admin@review.com
Sep 27, 2025 1:06:26 AM com.opinion.app.EventLoggerObserver onEvent
INFO: [2025-09-27T05:06:26.538056Z] UPDATE_USER User updated: admin@review.com
Sep 27, 2025 1:20:01 AM com.opinion.app.EventLoggerObserver onEvent
INFO: [2025-09-27T05:20:01.866441Z] UPDATE_USER User updated: admin@review.com
Sep 27, 2025 1:20:29 AM com.opinion.app.EventLoggerObserver onEvent
INFO: [2025-09-27T05:20:29.542902Z] ADD_USER User added: reviewer1@example.com
Sep 27, 2025 1:21:29 AM com.opinion.app.EventLoggerObserver onEvent
INFO: [2025-09-27T05:21:29.636831Z] UPDATE_USER User updated: admin@review.com
Sep 27, 2025 1:22:09 AM com.opinion.app.EventLoggerObserver onEvent
INFO: [2025-09-27T05:22:09.665136Z] ADD_USER User added: reviewer1@example.com
Sep 27, 2025 1:22:52 AM com.opinion.app.EventLoggerObserver onEvent
INFO: [2025-09-27T05:22:52.009397Z] ADD_USER_REVIEW UserReview added for product: Widget-Alpha by reviewer1@example.com
Sep 27, 2025 1:23:00 AM com.opinion.app.EventLoggerObserver onEvent
INFO: [2025-09-27T05:23:00.742361Z] UPDATE_USER User updated: admin@review.com
Sep 27, 2025 1:23:14 AM com.opinion.app.EventLoggerObserver onEvent
INFO: [2025-09-27T05:23:14.432592Z] ADD_REVIEW_APPROVAL Approval by admin@review.com for Widget-Alpha
Sep 29, 2025 11:40:08 AM com.opinion.app.EventLoggerObserver onEvent
INFO: [2025-09-29T16:40:08.437148Z] UPDATE_USER User updated: admin@review.com
Sep 29, 2025 11:49:41 AM com.opinion.app.EventLoggerObserver onEvent
INFO: [2025-09-29T16:49:41.627858Z] UPDATE_USER Logger smoke 137123329304958
